Using pre-set license
Built from '2021.3/staging' branch; Version is '2021.3.2f1 (d6360bedb9a0) revision 14038539'; Using compiler version '192829333'; Build Type 'Release'
OS: 'Windows 11  (10.0.22000) 64bit Professional' Language: 'en' Physical Memory: 16255 MB
BatchMode: 1, IsHumanControllingUs: 0, StartBugReporterOnCrash: 0, Is64bit: 1, IsPro: 1

COMMAND LINE ARGUMENTS:
C:\Program Files\Unity\Hub\Editor\2021.3.2f1\Editor\Unity.exe
-adb2
-batchMode
-noUpm
-name
AssetImportWorker2
-projectPath
C:/Users/yigit/Documents/GitHub/LightingBasics
-logFile
Logs/AssetImportWorker2.log
-srvPort
57523
Successfully changed project path to: C:/Users/yigit/Documents/GitHub/LightingBasics
C:/Users/yigit/Documents/GitHub/LightingBasics
[UnityMemory] Configuration Parameters - Can be set up in boot.config
    "memorysetup-bucket-allocator-granularity=16"
    "memorysetup-bucket-allocator-bucket-count=8"
    "memorysetup-bucket-allocator-block-size=33554432"
    "memorysetup-bucket-allocator-block-count=8"
    "memorysetup-main-allocator-block-size=16777216"
    "memorysetup-thread-allocator-block-size=16777216"
    "memorysetup-gfx-main-allocator-block-size=16777216"
    "memorysetup-gfx-thread-allocator-block-size=16777216"
    "memorysetup-cache-allocator-block-size=4194304"
    "memorysetup-typetree-allocator-block-size=2097152"
    "memorysetup-profiler-bucket-allocator-granularity=16"
    "memorysetup-profiler-bucket-allocator-bucket-count=8"
    "memorysetup-profiler-bucket-allocator-block-size=33554432"
    "memorysetup-profiler-bucket-allocator-block-count=8"
    "memorysetup-profiler-allocator-block-size=16777216"
    "memorysetup-profiler-editor-allocator-block-size=1048576"
    "memorysetup-temp-allocator-size-main=16777216"
    "memorysetup-job-temp-allocator-block-size=2097152"
    "memorysetup-job-temp-allocator-block-size-background=1048576"
    "memorysetup-job-temp-allocator-reduction-small-platforms=262144"
    "memorysetup-temp-allocator-size-background-worker=32768"
    "memorysetup-temp-allocator-size-job-worker=262144"
    "memorysetup-temp-allocator-size-preload-manager=33554432"
    "memorysetup-temp-allocator-size-nav-mesh-worker=65536"
    "memorysetup-temp-allocator-size-audio-worker=65536"
    "memorysetup-temp-allocator-size-cloud-worker=32768"
    "memorysetup-temp-allocator-size-gi-baking-worker=262144"
    "memorysetup-temp-allocator-size-gfx=262144"
Refreshing native plugins compatible for Editor in 44.52 ms, found 0 plugins.
Preloading 0 native plugins for Editor in 0.00 ms.
Initialize engine version: 2021.3.2f1 (d6360bedb9a0)
[Subsystems] Discovering subsystems at path C:/Program Files/Unity/Hub/Editor/2021.3.2f1/Editor/Data/Resources/UnitySubsystems
[Subsystems] Discovering subsystems at path C:/Users/yigit/Documents/GitHub/LightingBasics/Assets
GfxDevice: creating device client; threaded=0; jobified=0
Direct3D:
    Version:  Direct3D 11.0 [level 11.1]
    Renderer: NVIDIA GeForce GTX 1060 (ID=0x1c20)
    Vendor:   NVIDIA
    VRAM:     6052 MB
    Driver:   30.0.15.1289
Initialize mono
Mono path[0] = 'C:/Program Files/Unity/Hub/Editor/2021.3.2f1/Editor/Data/Managed'
Mono path[1] = 'C:/Program Files/Unity/Hub/Editor/2021.3.2f1/Editor/Data/MonoBleedingEdge/lib/mono/unityjit-win32'
Mono config path = 'C:/Program Files/Unity/Hub/Editor/2021.3.2f1/Editor/Data/MonoBleedingEdge/etc'
Using monoOptions --debugger-agent=transport=dt_socket,embedding=1,server=y,suspend=n,address=127.0.0.1:56340
Begin MonoManager ReloadAssembly
Registering precompiled unity dll's ...
Register platform support module: C:/Program Files/Unity/Hub/Editor/2021.3.2f1/Editor/Data/PlaybackEngines/WebGLSupport/UnityEditor.WebGL.Extensions.dll
Register platform support module: C:/Program Files/Unity/Hub/Editor/2021.3.2f1/Editor/Data/PlaybackEngines/WindowsStandaloneSupport/UnityEditor.WindowsStandalone.Extensions.dll
Registered in 0.008212 seconds.
Native extension for WindowsStandalone target not found
Native extension for WebGL target not found
Refreshing native plugins compatible for Editor in 24.74 ms, found 0 plugins.
Preloading 0 native plugins for Editor in 0.00 ms.
Mono: successfully reloaded assembly
- Completed reload, in  0.712 seconds
Domain Reload Profiling:
	ReloadAssembly (712ms)
		BeginReloadAssembly (140ms)
			ExecutionOrderSort (0ms)
			DisableScriptedObjects (0ms)
			BackupInstance (0ms)
			ReleaseScriptingObjects (0ms)
			CreateAndSetChildDomain (1ms)
		EndReloadAssembly (434ms)
			LoadAssemblies (139ms)
			RebuildTransferFunctionScriptingTraits (0ms)
			SetupTypeCache (132ms)
			ReleaseScriptCaches (0ms)
			RebuildScriptCaches (31ms)
			SetupLoadedEditorAssemblies (218ms)
				LogAssemblyErrors (0ms)
				InitializePlatformSupportModulesInManaged (9ms)
				SetLoadedEditorAssemblies (0ms)
				RefreshPlugins (25ms)
				BeforeProcessingInitializeOnLoad (1ms)
				ProcessInitializeOnLoadAttributes (132ms)
				ProcessInitializeOnLoadMethodAttributes (51ms)
				AfterProcessingInitializeOnLoad (0ms)
				EditorAssembliesLoaded (0ms)
			ExecutionOrderSort2 (0ms)
			AwakeInstancesAfterBackupRestoration (0ms)
Platform modules already initialized, skipping
Registering precompiled user dll's ...
Registered in 0.000573 seconds.
Begin MonoManager ReloadAssembly
Native extension for WindowsStandalone target not found
Native extension for WebGL target not found
Refreshing native plugins compatible for Editor in 0.23 ms, found 0 plugins.
Preloading 0 native plugins for Editor in 0.00 ms.
Mono: successfully reloaded assembly
- Completed reload, in  0.757 seconds
Domain Reload Profiling:
	ReloadAssembly (758ms)
		BeginReloadAssembly (130ms)
			ExecutionOrderSort (0ms)
			DisableScriptedObjects (6ms)
			BackupInstance (0ms)
			ReleaseScriptingObjects (0ms)
			CreateAndSetChildDomain (22ms)
		EndReloadAssembly (503ms)
			LoadAssemblies (93ms)
			RebuildTransferFunctionScriptingTraits (0ms)
			SetupTypeCache (137ms)
			ReleaseScriptCaches (0ms)
			RebuildScriptCaches (40ms)
			SetupLoadedEditorAssemblies (201ms)
				LogAssemblyErrors (0ms)
				InitializePlatformSupportModulesInManaged (7ms)
				SetLoadedEditorAssemblies (0ms)
				RefreshPlugins (0ms)
				BeforeProcessingInitializeOnLoad (41ms)
				ProcessInitializeOnLoadAttributes (125ms)
				ProcessInitializeOnLoadMethodAttributes (20ms)
				AfterProcessingInitializeOnLoad (7ms)
				EditorAssembliesLoaded (0ms)
			ExecutionOrderSort2 (0ms)
			AwakeInstancesAfterBackupRestoration (8ms)
Platform modules already initialized, skipping
========================================================================
Worker process is ready to serve import requests
Launched and connected shader compiler UnityShaderCompiler.exe after 0.07 seconds
Refreshing native plugins compatible for Editor in 0.29 ms, found 0 plugins.
Preloading 0 native plugins for Editor in 0.00 ms.
Unloading 808 Unused Serialized files (Serialized files now loaded: 0)
Unloading 24 unused Assets / (1.9 MB). Loaded Objects now: 1271.
Memory consumption went from 57.3 MB to 55.4 MB.
Total: 3.535900 ms (FindLiveObjects: 0.114800 ms CreateObjectMapping: 0.031500 ms MarkObjects: 2.588600 ms  DeleteObjects: 0.799600 ms)

AssetImportParameters requested are different than current active one (requested -> active):
  custom:video-decoder-ogg-theora: a1e56fd34408186e4bbccfd4996cb3dc -> 
  custom:container-muxer-webm: aa71ff27fc2769a1b78a27578f13a17b -> 
  custom:container-demuxer-webm: 4f35f7cbe854078d1ac9338744f61a02 -> 
  custom:video-encoder-webm-vp8: eb34c28f22e8b96e1ab97ce403110664 -> 
  custom:audio-encoder-webm-vorbis: bf7c407c2cedff20999df2af8eb42d56 -> 
  custom:framework-win-MediaFoundation: 216162199b28c13a410421893ffa2e32 -> 
  custom:container-demuxer-ogg: 62fdf1f143b41e24485cea50d1cbac27 -> 
  custom:video-decoder-webm-vp8: 9c59270c3fd7afecdb556c50c9e8de78 -> 
  custom:audio-decoder-ogg-vorbis: bf7c407c2cedff20999df2af8eb42d56 -> 
========================================================================
Received Import Request.
  Time since last request: 418348.886048 seconds.
  path: Assets/Textures/CalibrationFloorSpecularGloss.tif
  artifactKey: Guid(6185fa454db669040887c980e20126fe) Importer(815301076,1909f56bfc062723c751e8b465ee728b)
Start importing Assets/Textures/CalibrationFloorSpecularGloss.tif using Guid(6185fa454db669040887c980e20126fe) Importer(815301076,1909f56bfc062723c751e8b465ee728b)  -> (artifact id: 'bf2105796bef1acf2a6bc7650fa38537') in 0.177836 seconds 
========================================================================
Received Import Request.
  Time since last request: 0.000027 seconds.
  path: Assets/Models/Sci-Fi Vehicles/Vehicle_1/Textures/Cannon_1_H.png
  artifactKey: Guid(ccdce8b55a0b0c14fb537425a983a133) Importer(815301076,1909f56bfc062723c751e8b465ee728b)
Start importing Assets/Models/Sci-Fi Vehicles/Vehicle_1/Textures/Cannon_1_H.png using Guid(ccdce8b55a0b0c14fb537425a983a133) Importer(815301076,1909f56bfc062723c751e8b465ee728b)  -> (artifact id: 'b9c9d26d500cd54f38f89c4c7372e0ae') in 0.055315 seconds 
========================================================================
Received Import Request.
  Time since last request: 0.604561 seconds.
  path: Assets/Standard Assets/Environment/SpeedTree/Conifer/Conifer_Desktop_Atlas_Normal.tga
  artifactKey: Guid(855926cb3532dc14c87b1e6d589334b2) Importer(815301076,1909f56bfc062723c751e8b465ee728b)
Start importing Assets/Standard Assets/Environment/SpeedTree/Conifer/Conifer_Desktop_Atlas_Normal.tga using Guid(855926cb3532dc14c87b1e6d589334b2) Importer(815301076,1909f56bfc062723c751e8b465ee728b)  -> (artifact id: '740a1ca089aaa690fcc767c1f8a49603') in 0.082043 seconds 
========================================================================
Received Import Request.
  Time since last request: 0.000080 seconds.
  path: Assets/Standard Assets/Environment/SpeedTree/Conifer/Conifer_Needles_Desktop_Normal.tga
  artifactKey: Guid(ab89d7e9dbd9462458ecef029ee60f6e) Importer(815301076,1909f56bfc062723c751e8b465ee728b)
Start importing Assets/Standard Assets/Environment/SpeedTree/Conifer/Conifer_Needles_Desktop_Normal.tga using Guid(ab89d7e9dbd9462458ecef029ee60f6e) Importer(815301076,1909f56bfc062723c751e8b465ee728b)  -> (artifact id: '51cbefbd01f810f50ee1f1918ab718e5') in 0.029750 seconds 
========================================================================
Received Import Request.
  Time since last request: 0.624238 seconds.
  path: Assets/Textures/MayanTemple/dungeon_set_02_atlas_02.tga
  artifactKey: Guid(79d6d90ec49b74e9dac9130565d24f74) Importer(815301076,1909f56bfc062723c751e8b465ee728b)
Start importing Assets/Textures/MayanTemple/dungeon_set_02_atlas_02.tga using Guid(79d6d90ec49b74e9dac9130565d24f74) Importer(815301076,1909f56bfc062723c751e8b465ee728b)  -> (artifact id: '307688f253e1e53413262690f22d92bb') in 0.019589 seconds 
========================================================================
Received Import Request.
  Time since last request: 0.000019 seconds.
  path: Assets/Standard Assets/Characters/ThirdPersonCharacter/Textures/EthanNormals.png
  artifactKey: Guid(3b5b7be0f2332c24f89a2af018daa62d) Importer(815301076,1909f56bfc062723c751e8b465ee728b)
Start importing Assets/Standard Assets/Characters/ThirdPersonCharacter/Textures/EthanNormals.png using Guid(3b5b7be0f2332c24f89a2af018daa62d) Importer(815301076,1909f56bfc062723c751e8b465ee728b)  -> (artifact id: '71c507168253ea2627cf8b55ff99819d') in 0.084542 seconds 
========================================================================
Received Import Request.
  Time since last request: 0.575300 seconds.
  path: Assets/Textures/MayanTemple/floor09.tga
  artifactKey: Guid(7d0bab4779c634eec9fdf8b6a59bc717) Importer(815301076,1909f56bfc062723c751e8b465ee728b)
Start importing Assets/Textures/MayanTemple/floor09.tga using Guid(7d0bab4779c634eec9fdf8b6a59bc717) Importer(815301076,1909f56bfc062723c751e8b465ee728b)  -> (artifact id: '1217ec34f4ea6d67f03db44b89084099') in 0.022984 seconds 
========================================================================
Received Import Request.
  Time since last request: 0.000031 seconds.
  path: Assets/Standard Assets/Fonts/OpenSans/OpenSansRegular.ttf
  artifactKey: Guid(b51a3e520f9164da198dc59c8acfccd6) Importer(815301076,1909f56bfc062723c751e8b465ee728b)
Start importing Assets/Standard Assets/Fonts/OpenSans/OpenSansRegular.ttf using Guid(b51a3e520f9164da198dc59c8acfccd6) Importer(815301076,1909f56bfc062723c751e8b465ee728b)  -> (artifact id: 'e6b9413831632512b282d2134027e384') in 0.103935 seconds 
========================================================================
Received Import Request.
  Time since last request: 0.000041 seconds.
  path: Assets/Textures/Hallway/HallwayCeilingPanelAlbedo.tif
  artifactKey: Guid(66e12a90df3cb48499ac3971801d7f9f) Importer(815301076,1909f56bfc062723c751e8b465ee728b)
Start importing Assets/Textures/Hallway/HallwayCeilingPanelAlbedo.tif using Guid(66e12a90df3cb48499ac3971801d7f9f) Importer(815301076,1909f56bfc062723c751e8b465ee728b)  -> (artifact id: '31e3b6f213d75f7858424dde77358553') in 0.028491 seconds 
========================================================================
Received Import Request.
  Time since last request: 0.000035 seconds.
  path: Assets/Standard Assets/Fonts/Unipix.ttf
  artifactKey: Guid(1f16052dfd5f6f54e94e97ecedd4c86b) Importer(815301076,1909f56bfc062723c751e8b465ee728b)
Start importing Assets/Standard Assets/Fonts/Unipix.ttf using Guid(1f16052dfd5f6f54e94e97ecedd4c86b) Importer(815301076,1909f56bfc062723c751e8b465ee728b)  -> (artifact id: '32f713afa3a70447ae24bb0db2f72bb9') in 0.027662 seconds 
========================================================================
Received Import Request.
  Time since last request: 0.000033 seconds.
  path: Assets/Standard Assets/Fonts/OpenSans/OpenSansSemibold.ttf
  artifactKey: Guid(01cd679a1b9ee48bf9c546f6ce2cb97e) Importer(815301076,1909f56bfc062723c751e8b465ee728b)
Start importing Assets/Standard Assets/Fonts/OpenSans/OpenSansSemibold.ttf using Guid(01cd679a1b9ee48bf9c546f6ce2cb97e) Importer(815301076,1909f56bfc062723c751e8b465ee728b)  -> (artifact id: '711076c21e876456c9e62618196b4c4e') in 0.027067 seconds 
========================================================================
Received Import Request.
  Time since last request: 0.000036 seconds.
  path: Assets/Textures/Hallway/HallwayDividerNormals.tif
  artifactKey: Guid(e3a2053824ea21a4889dbd2287d8750e) Importer(815301076,1909f56bfc062723c751e8b465ee728b)
Start importing Assets/Textures/Hallway/HallwayDividerNormals.tif using Guid(e3a2053824ea21a4889dbd2287d8750e) Importer(815301076,1909f56bfc062723c751e8b465ee728b)  -> (artifact id: '7307d30e77ac5888d8f1abb145324449') in 0.035247 seconds 
========================================================================
Received Import Request.
  Time since last request: 0.000053 seconds.
  path: Assets/Standard Assets/Effects/GlassRefraction/Textures/GlassStainedNormals.tif
  artifactKey: Guid(4b8d081e9d114c7f1100f5ab44295342) Importer(815301076,1909f56bfc062723c751e8b465ee728b)
Start importing Assets/Standard Assets/Effects/GlassRefraction/Textures/GlassStainedNormals.tif using Guid(4b8d081e9d114c7f1100f5ab44295342) Importer(815301076,1909f56bfc062723c751e8b465ee728b)  -> (artifact id: 'f6c12a918d8cbc1a7c41b478fd14a474') in 0.035466 seconds 
========================================================================
Received Import Request.
  Time since last request: 0.000027 seconds.
  path: Assets/Standard Assets/Environment/TerrainAssets/BillboardTextures/GrassFrond02AlbedoAlpha.psd
  artifactKey: Guid(d6cdc79ec19714fcd980ca3f6ac01a0a) Importer(815301076,1909f56bfc062723c751e8b465ee728b)
Start importing Assets/Standard Assets/Environment/TerrainAssets/BillboardTextures/GrassFrond02AlbedoAlpha.psd using Guid(d6cdc79ec19714fcd980ca3f6ac01a0a) Importer(815301076,1909f56bfc062723c751e8b465ee728b)  -> (artifact id: 'b5519ea285149dd2ae93e82f63e8a014') in 0.030484 seconds 
========================================================================
Received Import Request.
  Time since last request: 0.000028 seconds.
  path: Assets/Standard Assets/Effects/Projectors/Textures/Grid.psd
  artifactKey: Guid(529239097d02f9f42b0ddd436c6fcbb0) Importer(815301076,1909f56bfc062723c751e8b465ee728b)
Start importing Assets/Standard Assets/Effects/Projectors/Textures/Grid.psd using Guid(529239097d02f9f42b0ddd436c6fcbb0) Importer(815301076,1909f56bfc062723c751e8b465ee728b)  -> (artifact id: '14530a7698f979a1885f7b893ecbb06c') in 0.025899 seconds 
========================================================================
Received Import Request.
  Time since last request: 0.484741 seconds.
  path: Assets/Textures/Hallway/HallwayDividerSpecularGloss.tif
  artifactKey: Guid(872794710027de74797f783be69bafa3) Importer(815301076,1909f56bfc062723c751e8b465ee728b)
Start importing Assets/Textures/Hallway/HallwayDividerSpecularGloss.tif using Guid(872794710027de74797f783be69bafa3) Importer(815301076,1909f56bfc062723c751e8b465ee728b)  -> (artifact id: 'df42cf548f043c4266fe300fe82d3bb6') in 0.026557 seconds 
========================================================================
Received Import Request.
  Time since last request: 0.000067 seconds.
  path: Assets/Textures/Hallway/HallwayFloorOcclusion.tif
  artifactKey: Guid(3a0ce566dbc43c64ebf166663a2cc1b1) Importer(815301076,1909f56bfc062723c751e8b465ee728b)
Start importing Assets/Textures/Hallway/HallwayFloorOcclusion.tif using Guid(3a0ce566dbc43c64ebf166663a2cc1b1) Importer(815301076,1909f56bfc062723c751e8b465ee728b)  -> (artifact id: '26e277f90e2ab23d51b618a760459396') in 0.026163 seconds 
========================================================================
Received Import Request.
  Time since last request: 0.000033 seconds.
  path: Assets/Textures/Hallway/HallwayDressingSpecularGloss.tif
  artifactKey: Guid(5a90759fbb64771499b23a0150d46028) Importer(815301076,1909f56bfc062723c751e8b465ee728b)
Start importing Assets/Textures/Hallway/HallwayDressingSpecularGloss.tif using Guid(5a90759fbb64771499b23a0150d46028) Importer(815301076,1909f56bfc062723c751e8b465ee728b)  -> (artifact id: 'd056cd39eca32f9d05ec77e410a438a6') in 0.035288 seconds 
========================================================================
Received Import Request.
  Time since last request: 0.000051 seconds.
  path: Assets/Textures/Hallway/HallwayHubEmissive.tif
  artifactKey: Guid(3512e24ae1e4c5f4a8e618b9f294c9a8) Importer(815301076,1909f56bfc062723c751e8b465ee728b)
Start importing Assets/Textures/Hallway/HallwayHubEmissive.tif using Guid(3512e24ae1e4c5f4a8e618b9f294c9a8) Importer(815301076,1909f56bfc062723c751e8b465ee728b)  -> (artifact id: 'd48b62391ef882fd30d2688547db0e87') in 0.022751 seconds 
========================================================================
Received Import Request.
  Time since last request: 0.000037 seconds.
  path: Assets/Textures/Hallway/HallwayRoofEmissive.tif
  artifactKey: Guid(0ec36d3dc8e71034e82cee4920068001) Importer(815301076,1909f56bfc062723c751e8b465ee728b)
Start importing Assets/Textures/Hallway/HallwayRoofEmissive.tif using Guid(0ec36d3dc8e71034e82cee4920068001) Importer(815301076,1909f56bfc062723c751e8b465ee728b)  -> (artifact id: 'a8214f40f217c4c39e6f3dbdc53e67a6') in 0.027116 seconds 
========================================================================
Received Import Request.
  Time since last request: 0.000084 seconds.
  path: Assets/Textures/Hallway/HallwayHubSpecularGloss.tif
  artifactKey: Guid(a2621f8f6296403419d9a60cfee2274d) Importer(815301076,1909f56bfc062723c751e8b465ee728b)
Start importing Assets/Textures/Hallway/HallwayHubSpecularGloss.tif using Guid(a2621f8f6296403419d9a60cfee2274d) Importer(815301076,1909f56bfc062723c751e8b465ee728b)  -> (artifact id: '86961dca90bb1ec26b9fba52f085468f') in 0.027809 seconds 
========================================================================
Received Import Request.
  Time since last request: 0.000050 seconds.
  path: Assets/Textures/Hallway/HallwayHubAlbedo.tif
  artifactKey: Guid(927eaea6360ee4c00a234735a038af12) Importer(815301076,1909f56bfc062723c751e8b465ee728b)
Start importing Assets/Textures/Hallway/HallwayHubAlbedo.tif using Guid(927eaea6360ee4c00a234735a038af12) Importer(815301076,1909f56bfc062723c751e8b465ee728b)  -> (artifact id: 'f955f4e913e931d82f63cee58f066be1') in 0.025590 seconds 
========================================================================
Received Import Request.
  Time since last request: 0.000021 seconds.
  path: Assets/Textures/Hallway/HallwayWallsAlbedo.tif
  artifactKey: Guid(bf64f98f1e61b6c4ea50c1ef82708efa) Importer(815301076,1909f56bfc062723c751e8b465ee728b)
Start importing Assets/Textures/Hallway/HallwayWallsAlbedo.tif using Guid(bf64f98f1e61b6c4ea50c1ef82708efa) Importer(815301076,1909f56bfc062723c751e8b465ee728b)  -> (artifact id: '745714bff2c86b55b1fde119f6d3bf4f') in 0.029197 seconds 
========================================================================
Received Import Request.
  Time since last request: 0.000042 seconds.
  path: Assets/Textures/Hallway/HallwayWallsNormals.tif
  artifactKey: Guid(4a3cb541ccdf2eb4190f20b34220aae5) Importer(815301076,1909f56bfc062723c751e8b465ee728b)
Start importing Assets/Textures/Hallway/HallwayWallsNormals.tif using Guid(4a3cb541ccdf2eb4190f20b34220aae5) Importer(815301076,1909f56bfc062723c751e8b465ee728b)  -> (artifact id: '1588731d43590352779c5767b690a1eb') in 0.033159 seconds 
========================================================================
Received Import Request.
  Time since last request: 0.000029 seconds.
  path: Assets/Standard Assets/Effects/Projectors/Textures/Light.psd
  artifactKey: Guid(b1d7fee26e54cc3498f6267f072a45b9) Importer(815301076,1909f56bfc062723c751e8b465ee728b)
Start importing Assets/Standard Assets/Effects/Projectors/Textures/Light.psd using Guid(b1d7fee26e54cc3498f6267f072a45b9) Importer(815301076,1909f56bfc062723c751e8b465ee728b)  -> (artifact id: '79ff1748269e32d60866643b10465e40') in 0.022729 seconds 
========================================================================
Received Import Request.
  Time since last request: 0.406764 seconds.
  path: Assets/Scenes/Start/SciFiCorridor/PostProcessingV2Start/Lightmap-0_comp_dir.png
  artifactKey: Guid(649a65f117c666440963b5835412fabb) Importer(815301076,1909f56bfc062723c751e8b465ee728b)
Start importing Assets/Scenes/Start/SciFiCorridor/PostProcessingV2Start/Lightmap-0_comp_dir.png using Guid(649a65f117c666440963b5835412fabb) Importer(815301076,1909f56bfc062723c751e8b465ee728b)  -> (artifact id: '9c6eb23cde7e2d63118bf6dc922da221') in 0.051826 seconds 
========================================================================
Received Import Request.
  Time since last request: 0.000020 seconds.
  path: Assets/Scenes/Start/SciFiCorridor/LightProbesStart/Lightmap-0_comp_dir.png
  artifactKey: Guid(2d6b91c731d9d1445b5963740210d2ce) Importer(815301076,1909f56bfc062723c751e8b465ee728b)
Start importing Assets/Scenes/Start/SciFiCorridor/LightProbesStart/Lightmap-0_comp_dir.png using Guid(2d6b91c731d9d1445b5963740210d2ce) Importer(815301076,1909f56bfc062723c751e8b465ee728b)  -> (artifact id: '8892257be80d56f8d1b1293b70e28537') in 0.029503 seconds 
========================================================================
Received Import Request.
  Time since last request: 0.000032 seconds.
  path: Assets/Scenes/Start/SciFiCorridor/LightBlockingStart/Lightmap-0_comp_dir.png
  artifactKey: Guid(27ff33d173d1d446fb611ed498368139) Importer(815301076,1909f56bfc062723c751e8b465ee728b)
Start importing Assets/Scenes/Start/SciFiCorridor/LightBlockingStart/Lightmap-0_comp_dir.png using Guid(27ff33d173d1d446fb611ed498368139) Importer(815301076,1909f56bfc062723c751e8b465ee728b)  -> (artifact id: 'e3a4378ef253f293ff7b834130f52fc0') in 0.024522 seconds 
========================================================================
Received Import Request.
  Time since last request: 0.000058 seconds.
  path: Assets/Scenes/Start/SciFiCorridor/FinishingTouchesStart/Lightmap-0_comp_dir.png
  artifactKey: Guid(a0d8103b703b0ba47bf810a5c52bb497) Importer(815301076,1909f56bfc062723c751e8b465ee728b)
Start importing Assets/Scenes/Start/SciFiCorridor/FinishingTouchesStart/Lightmap-0_comp_dir.png using Guid(a0d8103b703b0ba47bf810a5c52bb497) Importer(815301076,1909f56bfc062723c751e8b465ee728b)  -> (artifact id: '284407fb358afda1ccdb694e62ee50e5') in 0.018531 seconds 
========================================================================
Received Import Request.
  Time since last request: 0.000054 seconds.
  path: Assets/Scenes/Start/SciFiCorridor/LayersAndMasksStart/Lightmap-0_comp_dir.png
  artifactKey: Guid(f6114ab706c92db4488a2e284b93cbe5) Importer(815301076,1909f56bfc062723c751e8b465ee728b)
Start importing Assets/Scenes/Start/SciFiCorridor/LayersAndMasksStart/Lightmap-0_comp_dir.png using Guid(f6114ab706c92db4488a2e284b93cbe5) Importer(815301076,1909f56bfc062723c751e8b465ee728b)  -> (artifact id: 'f6a8cfc27377e3ba27e51f9cf127231b') in 0.027495 seconds 
========================================================================
Received Import Request.
  Time since last request: 0.000045 seconds.
  path: Assets/Scenes/Start/SciFiCorridor/FPSCameraStart/Lightmap-0_comp_dir.png
  artifactKey: Guid(a2f41b4e636ad0f469a391656ec942ac) Importer(815301076,1909f56bfc062723c751e8b465ee728b)
Start importing Assets/Scenes/Start/SciFiCorridor/FPSCameraStart/Lightmap-0_comp_dir.png using Guid(a2f41b4e636ad0f469a391656ec942ac) Importer(815301076,1909f56bfc062723c751e8b465ee728b)  -> (artifact id: '379ba33dc5a486d25137d21b33401ff8') in 0.032396 seconds 
========================================================================
Received Import Request.
  Time since last request: 0.269685 seconds.
  path: Assets/Scenes/_CompletedScenes/SciFiCorridor/PostProcessingV2Complete/Lightmap-0_comp_dir.png
  artifactKey: Guid(446d0a1154e443748bc5c1bbf009c9e1) Importer(815301076,1909f56bfc062723c751e8b465ee728b)
Start importing Assets/Scenes/_CompletedScenes/SciFiCorridor/PostProcessingV2Complete/Lightmap-0_comp_dir.png using Guid(446d0a1154e443748bc5c1bbf009c9e1) Importer(815301076,1909f56bfc062723c751e8b465ee728b)  -> (artifact id: 'e788c60d98ec1d6bc2433936d9aded37') in 0.029060 seconds 
========================================================================
Received Import Request.
  Time since last request: 0.000038 seconds.
  path: Assets/Scenes/_CompletedScenes/SciFiCorridor/FPSCameraComplete/Lightmap-0_comp_dir.png
  artifactKey: Guid(9ea96e59b5b9e6f49b56de7bc4071280) Importer(815301076,1909f56bfc062723c751e8b465ee728b)
Start importing Assets/Scenes/_CompletedScenes/SciFiCorridor/FPSCameraComplete/Lightmap-0_comp_dir.png using Guid(9ea96e59b5b9e6f49b56de7bc4071280) Importer(815301076,1909f56bfc062723c751e8b465ee728b)  -> (artifact id: 'bf09af74bc5b707803d7cd4e7f6ae073') in 0.036556 seconds 
========================================================================
Received Import Request.
  Time since last request: 0.000068 seconds.
  path: Assets/Scenes/_CompletedScenes/SciFiCorridor/PostProcessVolumesComplete/Lightmap-0_comp_light.exr
  artifactKey: Guid(38743aa577935354fb23d0ece1bfab1f) Importer(815301076,1909f56bfc062723c751e8b465ee728b)
Start importing Assets/Scenes/_CompletedScenes/SciFiCorridor/PostProcessVolumesComplete/Lightmap-0_comp_light.exr using Guid(38743aa577935354fb23d0ece1bfab1f) Importer(815301076,1909f56bfc062723c751e8b465ee728b)  -> (artifact id: '89401949285597ecc200f8f96adf7900') in 0.062594 seconds 
========================================================================
Received Import Request.
  Time since last request: 0.000043 seconds.
  path: Assets/Scenes/_CompletedScenes/GlobalIllumination/EnvironmentLightingComplete/Lightmap-0_comp_light.exr
  artifactKey: Guid(ad46b63a6c20e4f7e96effd060e67a52) Importer(815301076,1909f56bfc062723c751e8b465ee728b)
Start importing Assets/Scenes/_CompletedScenes/GlobalIllumination/EnvironmentLightingComplete/Lightmap-0_comp_light.exr using Guid(ad46b63a6c20e4f7e96effd060e67a52) Importer(815301076,1909f56bfc062723c751e8b465ee728b)  -> (artifact id: '8f4a4a2bec95d6547e375bdffd843a8b') in 0.015445 seconds 
========================================================================
Received Import Request.
  Time since last request: 0.000039 seconds.
  path: Assets/Scenes/_CompletedScenes/GlobalIllumination/ImageBasedLightingComplete/Lightmap-0_comp_light.exr
  artifactKey: Guid(cdcfa09c8225542f0b0f97b64b6ec379) Importer(815301076,1909f56bfc062723c751e8b465ee728b)
Start importing Assets/Scenes/_CompletedScenes/GlobalIllumination/ImageBasedLightingComplete/Lightmap-0_comp_light.exr using Guid(cdcfa09c8225542f0b0f97b64b6ec379) Importer(815301076,1909f56bfc062723c751e8b465ee728b)  -> (artifact id: '42f7b3786aeed443bc510814bbdd0231') in 0.017391 seconds 
========================================================================
Received Import Request.
  Time since last request: 0.000022 seconds.
  path: Assets/Scenes/_CompletedScenes/SciFiCorridor/MixedLightingComplete/Lightmap-0_comp_light.exr
  artifactKey: Guid(b2f2c6ec30f3a4f44a25d51ee24f00f1) Importer(815301076,1909f56bfc062723c751e8b465ee728b)
Start importing Assets/Scenes/_CompletedScenes/SciFiCorridor/MixedLightingComplete/Lightmap-0_comp_light.exr using Guid(b2f2c6ec30f3a4f44a25d51ee24f00f1) Importer(815301076,1909f56bfc062723c751e8b465ee728b)  -> (artifact id: 'b1c78a13a7b9e3697364ffe1995b388d') in 0.034050 seconds 
========================================================================
Received Import Request.
  Time since last request: 0.000023 seconds.
  path: Assets/Scenes/_CompletedScenes/SciFiCorridor/PostProcessingComplete/Lightmap-0_comp_light.exr
  artifactKey: Guid(d5f43984259f1468fb9462904f9d8fb5) Importer(815301076,1909f56bfc062723c751e8b465ee728b)
Start importing Assets/Scenes/_CompletedScenes/SciFiCorridor/PostProcessingComplete/Lightmap-0_comp_light.exr using Guid(d5f43984259f1468fb9462904f9d8fb5) Importer(815301076,1909f56bfc062723c751e8b465ee728b)  -> (artifact id: '60b3e0314c7ebe699a1b36ec9a4282a1') in 0.019741 seconds 
========================================================================
Received Import Request.
  Time since last request: 0.000017 seconds.
  path: Assets/Scenes/Start/SciFiCorridor/LightBlockingStart/Lightmap-0_comp_light.exr
  artifactKey: Guid(a5700b21b056245d3a2f71c0d7bdeaa6) Importer(815301076,1909f56bfc062723c751e8b465ee728b)
Start importing Assets/Scenes/Start/SciFiCorridor/LightBlockingStart/Lightmap-0_comp_light.exr using Guid(a5700b21b056245d3a2f71c0d7bdeaa6) Importer(815301076,1909f56bfc062723c751e8b465ee728b)  -> (artifact id: 'b0aef6364d8917692228b61295e5c556') in 0.017617 seconds 
========================================================================
Received Import Request.
  Time since last request: 0.309906 seconds.
  path: Assets/Scenes/Start/SciFiCorridor/MixedModeStart/Lightmap-0_comp_light.exr
  artifactKey: Guid(9380ad333dbd9a842893c6adef315da4) Importer(815301076,1909f56bfc062723c751e8b465ee728b)
Start importing Assets/Scenes/Start/SciFiCorridor/MixedModeStart/Lightmap-0_comp_light.exr using Guid(9380ad333dbd9a842893c6adef315da4) Importer(815301076,1909f56bfc062723c751e8b465ee728b)  -> (artifact id: '5ed4cf5e066bf37321270695413be07d') in 0.024479 seconds 
========================================================================
Received Import Request.
  Time since last request: 0.000043 seconds.
  path: Assets/Scenes/Start/SciFiCorridor/PostProcessingV2Start/Lightmap-0_comp_light.exr
  artifactKey: Guid(fee1160ddb5aed44db5ac30a76f6ee0f) Importer(815301076,1909f56bfc062723c751e8b465ee728b)
Start importing Assets/Scenes/Start/SciFiCorridor/PostProcessingV2Start/Lightmap-0_comp_light.exr using Guid(fee1160ddb5aed44db5ac30a76f6ee0f) Importer(815301076,1909f56bfc062723c751e8b465ee728b)  -> (artifact id: '31c24f2061736cd0d1b26b715dde5cd3') in 0.017781 seconds 
========================================================================
Received Import Request.
  Time since last request: 0.000018 seconds.
  path: Assets/Scenes/Start/GlobalIllumination/LightmappingSettingsStart/Lightmap-0_comp_light.exr
  artifactKey: Guid(bcc963d362eb4485f9e849965fdf1986) Importer(815301076,1909f56bfc062723c751e8b465ee728b)
Start importing Assets/Scenes/Start/GlobalIllumination/LightmappingSettingsStart/Lightmap-0_comp_light.exr using Guid(bcc963d362eb4485f9e849965fdf1986) Importer(815301076,1909f56bfc062723c751e8b465ee728b)  -> (artifact id: '3f40d06a41488fe41c9a2b0c9da28408') in 0.018815 seconds 
========================================================================
Received Import Request.
  Time since last request: 0.000019 seconds.
  path: Assets/Scenes/_CompletedScenes/GlobalIllumination/RealtimeGISettingsComplete/Lightmap-0_comp_light.exr
  artifactKey: Guid(64a30d1edacd94e1ba562f3035b83984) Importer(815301076,1909f56bfc062723c751e8b465ee728b)
Start importing Assets/Scenes/_CompletedScenes/GlobalIllumination/RealtimeGISettingsComplete/Lightmap-0_comp_light.exr using Guid(64a30d1edacd94e1ba562f3035b83984) Importer(815301076,1909f56bfc062723c751e8b465ee728b)  -> (artifact id: '8ff1037c20fd2f8409e4c7bd0e81d9ce') in 0.019373 seconds 
========================================================================
Received Import Request.
  Time since last request: 0.000054 seconds.
  path: Assets/Scenes/_CompletedScenes/SciFiCorridor/PostProcessingComplete/Lightmap-1_comp_dir.png
  artifactKey: Guid(04b3a2c09326346eea1a268f1c555c34) Importer(815301076,1909f56bfc062723c751e8b465ee728b)
Start importing Assets/Scenes/_CompletedScenes/SciFiCorridor/PostProcessingComplete/Lightmap-1_comp_dir.png using Guid(04b3a2c09326346eea1a268f1c555c34) Importer(815301076,1909f56bfc062723c751e8b465ee728b)  -> (artifact id: 'be559e430bf8e8f66d5fbca47f775027') in 0.021254 seconds 
========================================================================
Received Import Request.
  Time since last request: 0.000017 seconds.
  path: Assets/Scenes/_CompletedScenes/SciFiCorridor/MixedLightingComplete/Lightmap-1_comp_dir.png
  artifactKey: Guid(5e5705c852fba3f478ae2ad0d180c5e4) Importer(815301076,1909f56bfc062723c751e8b465ee728b)
Start importing Assets/Scenes/_CompletedScenes/SciFiCorridor/MixedLightingComplete/Lightmap-1_comp_dir.png using Guid(5e5705c852fba3f478ae2ad0d180c5e4) Importer(815301076,1909f56bfc062723c751e8b465ee728b)  -> (artifact id: 'f8fc8434ccfd090803e647b52ce3145a') in 0.027886 seconds 
========================================================================
Received Import Request.
  Time since last request: 0.000025 seconds.
  path: Assets/Scenes/_CompletedScenes/SciFiCorridor/FinishingTouchesComplete/Lightmap-0_comp_light.exr
  artifactKey: Guid(5d35db30ec7717340952fc6ae87b9345) Importer(815301076,1909f56bfc062723c751e8b465ee728b)
Start importing Assets/Scenes/_CompletedScenes/SciFiCorridor/FinishingTouchesComplete/Lightmap-0_comp_light.exr using Guid(5d35db30ec7717340952fc6ae87b9345) Importer(815301076,1909f56bfc062723c751e8b465ee728b)  -> (artifact id: '94dc0430d59b635da743037a68d7c05c') in 0.023122 seconds 
========================================================================
Received Import Request.
  Time since last request: 0.000041 seconds.
  path: Assets/Scenes/Start/SciFiCorridor/AreaLightStart/Lightmap-0_comp_light.exr
  artifactKey: Guid(2e59eb7ddbb044a89aef0fc6e60dda8d) Importer(815301076,1909f56bfc062723c751e8b465ee728b)
Start importing Assets/Scenes/Start/SciFiCorridor/AreaLightStart/Lightmap-0_comp_light.exr using Guid(2e59eb7ddbb044a89aef0fc6e60dda8d) Importer(815301076,1909f56bfc062723c751e8b465ee728b)  -> (artifact id: 'bcf7593550d02417d18e8327533e68b4') in 0.013598 seconds 
========================================================================
Received Import Request.
  Time since last request: 0.000028 seconds.
  path: Assets/Scenes/Start/GlobalIllumination/EnvironmentReflectionsStart/Lightmap-0_comp_light.exr
  artifactKey: Guid(a60ea6792979eea4981b0d45cb9b0b2d) Importer(815301076,1909f56bfc062723c751e8b465ee728b)
Start importing Assets/Scenes/Start/GlobalIllumination/EnvironmentReflectionsStart/Lightmap-0_comp_light.exr using Guid(a60ea6792979eea4981b0d45cb9b0b2d) Importer(815301076,1909f56bfc062723c751e8b465ee728b)  -> (artifact id: '598cfffdd4faab4d1251495355460399') in 0.022258 seconds 
========================================================================
Received Import Request.
  Time since last request: 0.000034 seconds.
  path: Assets/Scenes/_CompletedScenes/SciFiCorridor/ScreenSpaceReflectionsComplete/Lightmap-0_comp_shadowmask.png
  artifactKey: Guid(704201e0ceb19a74c8d48314eea7bb09) Importer(815301076,1909f56bfc062723c751e8b465ee728b)
Start importing Assets/Scenes/_CompletedScenes/SciFiCorridor/ScreenSpaceReflectionsComplete/Lightmap-0_comp_shadowmask.png using Guid(704201e0ceb19a74c8d48314eea7bb09) Importer(815301076,1909f56bfc062723c751e8b465ee728b)  -> (artifact id: 'f39b9fe3f10837b15bb9e2b31246b3b6') in 0.033599 seconds 
========================================================================
Received Import Request.
  Time since last request: 0.000018 seconds.
  path: Assets/Scenes/Start/SciFiCorridor/LightBlockingStart/Lightmap-1_comp_dir.png
  artifactKey: Guid(33f05d04165c34c07a5226b15b18b9e8) Importer(815301076,1909f56bfc062723c751e8b465ee728b)
Start importing Assets/Scenes/Start/SciFiCorridor/LightBlockingStart/Lightmap-1_comp_dir.png using Guid(33f05d04165c34c07a5226b15b18b9e8) Importer(815301076,1909f56bfc062723c751e8b465ee728b)  -> (artifact id: '6a19c66f92ef666903689e42cde54ef1') in 0.022719 seconds 
========================================================================
Received Import Request.
  Time since last request: 0.000019 seconds.
  path: Assets/Scenes/Start/SciFiCorridor/ScreenSpaceReflectionsStart/Lightmap-0_comp_light.exr
  artifactKey: Guid(53724439330cfcc4a9706281d606fa0c) Importer(815301076,1909f56bfc062723c751e8b465ee728b)
Start importing Assets/Scenes/Start/SciFiCorridor/ScreenSpaceReflectionsStart/Lightmap-0_comp_light.exr using Guid(53724439330cfcc4a9706281d606fa0c) Importer(815301076,1909f56bfc062723c751e8b465ee728b)  -> (artifact id: '52de8d8d15bf755bee411d26981f99f4') in 0.040466 seconds 
========================================================================
Received Import Request.
  Time since last request: 2.117568 seconds.
  path: Assets/Scenes/_CompletedScenes/SciFiCorridor/FinishingTouchesComplete/Lightmap-1_comp_dir.png
  artifactKey: Guid(6fb41d4e248e02241a1a8bcaff48dc95) Importer(815301076,1909f56bfc062723c751e8b465ee728b)
Start importing Assets/Scenes/_CompletedScenes/SciFiCorridor/FinishingTouchesComplete/Lightmap-1_comp_dir.png using Guid(6fb41d4e248e02241a1a8bcaff48dc95) Importer(815301076,1909f56bfc062723c751e8b465ee728b)  -> (artifact id: '0a4777dcf3c7f5be6d53ab655f588cfd') in 0.024639 seconds 
========================================================================
Received Import Request.
  Time since last request: 0.000047 seconds.
  path: Assets/Scenes/Start/SciFiCorridor/MixedModeStart/Lightmap-1_comp_dir.png
  artifactKey: Guid(a2fc1bbfd38d5e8409a35a5c4586fa4a) Importer(815301076,1909f56bfc062723c751e8b465ee728b)
Start importing Assets/Scenes/Start/SciFiCorridor/MixedModeStart/Lightmap-1_comp_dir.png using Guid(a2fc1bbfd38d5e8409a35a5c4586fa4a) Importer(815301076,1909f56bfc062723c751e8b465ee728b)  -> (artifact id: 'ea17986304fc239221cdf699755d2d68') in 0.029475 seconds 
========================================================================
Received Import Request.
  Time since last request: 0.000032 seconds.
  path: Assets/Scenes/Start/SciFiCorridor/MixedModeStart/Lightmap-1_comp_light.exr
  artifactKey: Guid(3f35b7c4b860cda49b2aaf80afb71395) Importer(815301076,1909f56bfc062723c751e8b465ee728b)
Start importing Assets/Scenes/Start/SciFiCorridor/MixedModeStart/Lightmap-1_comp_light.exr using Guid(3f35b7c4b860cda49b2aaf80afb71395) Importer(815301076,1909f56bfc062723c751e8b465ee728b)  -> (artifact id: '9ed48014d0c9df4b9ad6d4cfc5374218') in 0.017638 seconds 
========================================================================
Received Import Request.
  Time since last request: 3.157026 seconds.
  path: Assets/Scenes/_CompletedScenes/GlobalIllumination/ProgressiveLightmapperComplete/Lightmap-1_comp_light.exr
  artifactKey: Guid(c199d59c568480a4a8fb9957de45de2e) Importer(815301076,1909f56bfc062723c751e8b465ee728b)
Start importing Assets/Scenes/_CompletedScenes/GlobalIllumination/ProgressiveLightmapperComplete/Lightmap-1_comp_light.exr using Guid(c199d59c568480a4a8fb9957de45de2e) Importer(815301076,1909f56bfc062723c751e8b465ee728b)  -> (artifact id: '9f00b4964faa0c0af199fd08c258db85') in 0.016139 seconds 
========================================================================
Received Import Request.
  Time since last request: 0.000017 seconds.
  path: Assets/Scenes/Start/SciFiCorridor/MasksAndLayersStart/Lightmap-1_comp_light.exr
  artifactKey: Guid(ca62ac2bf3abc3d469263565af835f42) Importer(815301076,1909f56bfc062723c751e8b465ee728b)
Start importing Assets/Scenes/Start/SciFiCorridor/MasksAndLayersStart/Lightmap-1_comp_light.exr using Guid(ca62ac2bf3abc3d469263565af835f42) Importer(815301076,1909f56bfc062723c751e8b465ee728b)  -> (artifact id: '5065304792ee9623b8fa5b17825af094') in 0.017223 seconds 
========================================================================
Received Import Request.
  Time since last request: 0.000021 seconds.
  path: Assets/Scenes/_CompletedScenes/SciFiCorridor/FinishingTouchesComplete/Lightmap-1_comp_light.exr
  artifactKey: Guid(c3a3e179af8982246b45ff7095b52b8d) Importer(815301076,1909f56bfc062723c751e8b465ee728b)
Start importing Assets/Scenes/_CompletedScenes/SciFiCorridor/FinishingTouchesComplete/Lightmap-1_comp_light.exr using Guid(c3a3e179af8982246b45ff7095b52b8d) Importer(815301076,1909f56bfc062723c751e8b465ee728b)  -> (artifact id: 'c431cfe8fca937c866cc22a1bcd33308') in 0.024418 seconds 
========================================================================
Received Import Request.
  Time since last request: 0.000018 seconds.
  path: Assets/Scenes/_CompletedScenes/SciFiCorridor/PostProcessingComplete/Lightmap-1_comp_light.exr
  artifactKey: Guid(f50ff2bbd3bc84e83ac31bf8dacab1a8) Importer(815301076,1909f56bfc062723c751e8b465ee728b)
Start importing Assets/Scenes/_CompletedScenes/SciFiCorridor/PostProcessingComplete/Lightmap-1_comp_light.exr using Guid(f50ff2bbd3bc84e83ac31bf8dacab1a8) Importer(815301076,1909f56bfc062723c751e8b465ee728b)  -> (artifact id: 'cb0a982c16d4a3bb05ae9ab694042ee4') in 0.019735 seconds 
========================================================================
Received Import Request.
  Time since last request: 0.000029 seconds.
  path: Assets/Scenes/_CompletedScenes/GlobalIllumination/LightmappingSettingsComplete/Lightmap-1_comp_light.exr
  artifactKey: Guid(14a2b4304892d284e8d83f2512b2939e) Importer(815301076,1909f56bfc062723c751e8b465ee728b)
Start importing Assets/Scenes/_CompletedScenes/GlobalIllumination/LightmappingSettingsComplete/Lightmap-1_comp_light.exr using Guid(14a2b4304892d284e8d83f2512b2939e) Importer(815301076,1909f56bfc062723c751e8b465ee728b)  -> (artifact id: '4acee9f3fdd87f28c94a4abfe29203ee') in 0.018825 seconds 
========================================================================
Received Import Request.
  Time since last request: 0.000056 seconds.
  path: Assets/Scenes/_CompletedScenes/SciFiCorridor/ScreenSpaceReflectionsComplete/Lightmap-1_comp_shadowmask.png
  artifactKey: Guid(037cf057371f4df4db5ed229906b4bf3) Importer(815301076,1909f56bfc062723c751e8b465ee728b)
Start importing Assets/Scenes/_CompletedScenes/SciFiCorridor/ScreenSpaceReflectionsComplete/Lightmap-1_comp_shadowmask.png using Guid(037cf057371f4df4db5ed229906b4bf3) Importer(815301076,1909f56bfc062723c751e8b465ee728b)  -> (artifact id: '165f6d8176a404feedfac6a27335f51c') in 0.029642 seconds 
========================================================================
Received Import Request.
  Time since last request: 0.000020 seconds.
  path: Assets/Scenes/_CompletedScenes/SciFiCorridor/PostProcessVolumesComplete/Lightmap-2_comp_dir.png
  artifactKey: Guid(1d77020180dfecc4596b6388b5d7d0b0) Importer(815301076,1909f56bfc062723c751e8b465ee728b)
Start importing Assets/Scenes/_CompletedScenes/SciFiCorridor/PostProcessVolumesComplete/Lightmap-2_comp_dir.png using Guid(1d77020180dfecc4596b6388b5d7d0b0) Importer(815301076,1909f56bfc062723c751e8b465ee728b)  -> (artifact id: '2f0b487cd161932dd619bb318cccbed2') in 0.026909 seconds 
========================================================================
Received Import Request.
  Time since last request: 0.000022 seconds.
  path: Assets/Scenes/Start/SciFiCorridor/MixedModeStart/Lightmap-2_comp_dir.png
  artifactKey: Guid(8deeab0101026e942b7246e3d22a59c9) Importer(815301076,1909f56bfc062723c751e8b465ee728b)
Start importing Assets/Scenes/Start/SciFiCorridor/MixedModeStart/Lightmap-2_comp_dir.png using Guid(8deeab0101026e942b7246e3d22a59c9) Importer(815301076,1909f56bfc062723c751e8b465ee728b)  -> (artifact id: '7993c76592e692330ff042db1f4a2fb3') in 0.022414 seconds 
========================================================================
Received Import Request.
  Time since last request: 0.000023 seconds.
  path: Assets/Scenes/Start/SciFiCorridor/LayersAndMasksStart/Lightmap-2_comp_dir.png
  artifactKey: Guid(a038f6736a9996f429a417e93c5d85a4) Importer(815301076,1909f56bfc062723c751e8b465ee728b)
Start importing Assets/Scenes/Start/SciFiCorridor/LayersAndMasksStart/Lightmap-2_comp_dir.png using Guid(a038f6736a9996f429a417e93c5d85a4) Importer(815301076,1909f56bfc062723c751e8b465ee728b)  -> (artifact id: 'd60834fbc150b2d583b75d888a4de6f7') in 0.021016 seconds 
========================================================================
Received Import Request.
  Time since last request: 0.000030 seconds.
  path: Assets/Scenes/Start/SciFiCorridor/FPSCameraStart/Lightmap-2_comp_dir.png
  artifactKey: Guid(d8cec8888003d6244ba7d4e55ba1a79a) Importer(815301076,1909f56bfc062723c751e8b465ee728b)
Start importing Assets/Scenes/Start/SciFiCorridor/FPSCameraStart/Lightmap-2_comp_dir.png using Guid(d8cec8888003d6244ba7d4e55ba1a79a) Importer(815301076,1909f56bfc062723c751e8b465ee728b)  -> (artifact id: '398cdb8a81f235aa1b80063cdf539a87') in 0.011895 seconds 
========================================================================
Received Import Request.
  Time since last request: 0.000024 seconds.
  path: Assets/Scenes/Start/SciFiCorridor/FPSCameraStart/Lightmap-1_comp_light.exr
  artifactKey: Guid(0f664941707b4be429111ceeaa7a1cbb) Importer(815301076,1909f56bfc062723c751e8b465ee728b)
Start importing Assets/Scenes/Start/SciFiCorridor/FPSCameraStart/Lightmap-1_comp_light.exr using Guid(0f664941707b4be429111ceeaa7a1cbb) Importer(815301076,1909f56bfc062723c751e8b465ee728b)  -> (artifact id: 'f805b6d2e08d57000f1bc17609409f26') in 0.018281 seconds 
========================================================================
Received Import Request.
  Time since last request: 0.000019 seconds.
  path: Assets/Scenes/_CompletedScenes/SciFiCorridor/MixedLightingComplete/Lightmap-2_comp_dir.png
  artifactKey: Guid(adbe69545792e494d97a12fa9c3f70f3) Importer(815301076,1909f56bfc062723c751e8b465ee728b)
Start importing Assets/Scenes/_CompletedScenes/SciFiCorridor/MixedLightingComplete/Lightmap-2_comp_dir.png using Guid(adbe69545792e494d97a12fa9c3f70f3) Importer(815301076,1909f56bfc062723c751e8b465ee728b)  -> (artifact id: 'ea90d7426acd48fae9c60b29c05a69e4') in 0.023549 seconds 
========================================================================
Received Import Request.
  Time since last request: 0.000024 seconds.
  path: Assets/Scenes/_CompletedScenes/SciFiCorridor/AreaLightComplete/Lightmap-1_comp_light.exr
  artifactKey: Guid(2abe2989858de459ea511cb6dbd77d85) Importer(815301076,1909f56bfc062723c751e8b465ee728b)
Start importing Assets/Scenes/_CompletedScenes/SciFiCorridor/AreaLightComplete/Lightmap-1_comp_light.exr using Guid(2abe2989858de459ea511cb6dbd77d85) Importer(815301076,1909f56bfc062723c751e8b465ee728b)  -> (artifact id: '3bff31e4140e65f089dd48d37d2540af') in 0.021470 seconds 
========================================================================
Received Import Request.
  Time since last request: 7.582564 seconds.
  path: Assets/Scenes/Start/SciFiCorridor/MixedModeStart/ReflectionProbe-0.exr
  artifactKey: Guid(c8c9ddf9316abd64280db317e9144c2b) Importer(815301076,1909f56bfc062723c751e8b465ee728b)
Start importing Assets/Scenes/Start/SciFiCorridor/MixedModeStart/ReflectionProbe-0.exr using Guid(c8c9ddf9316abd64280db317e9144c2b) Importer(815301076,1909f56bfc062723c751e8b465ee728b)  -> (artifact id: '7788614586b4c63c0dc4901fe66fdacb') in 0.038664 seconds 
========================================================================
Received Import Request.
  Time since last request: 0.000023 seconds.
  path: Assets/Scenes/_CompletedScenes/SciFiCorridor/PostProcessVolumesComplete/ReflectionProbe-1.exr
  artifactKey: Guid(08a801a38f779fc4fae1933edc103ac7) Importer(815301076,1909f56bfc062723c751e8b465ee728b)
Start importing Assets/Scenes/_CompletedScenes/SciFiCorridor/PostProcessVolumesComplete/ReflectionProbe-1.exr using Guid(08a801a38f779fc4fae1933edc103ac7) Importer(815301076,1909f56bfc062723c751e8b465ee728b)  -> (artifact id: '8eb9ed8299130cbda553daaa4a2a3a9f') in 0.027582 seconds 
========================================================================
Received Import Request.
  Time since last request: 0.000035 seconds.
  path: Assets/Scenes/Start/SciFiCorridor/LayersAndMasksStart/ReflectionProbe-0.exr
  artifactKey: Guid(86784c3643f331241836d9a1ef25085e) Importer(815301076,1909f56bfc062723c751e8b465ee728b)
Start importing Assets/Scenes/Start/SciFiCorridor/LayersAndMasksStart/ReflectionProbe-0.exr using Guid(86784c3643f331241836d9a1ef25085e) Importer(815301076,1909f56bfc062723c751e8b465ee728b)  -> (artifact id: '8a07c930c1ee147c6464d63b2a74d878') in 0.026036 seconds 
========================================================================
Received Import Request.
  Time since last request: 0.000031 seconds.
  path: Assets/Textures/ZomBunnyDiffuse.png
  artifactKey: Guid(c621ddb405f9fd24eb7ab79082ce3d10) Importer(815301076,1909f56bfc062723c751e8b465ee728b)
Start importing Assets/Textures/ZomBunnyDiffuse.png using Guid(c621ddb405f9fd24eb7ab79082ce3d10) Importer(815301076,1909f56bfc062723c751e8b465ee728b)  -> (artifact id: 'c7bb67fbc00c73ed3cb576b7cde0abcc') in 0.018351 seconds 
========================================================================
Received Import Request.
  Time since last request: 0.000033 seconds.
  path: Assets/Textures/Shared/SharedBlastDoorAFrameAlbedo.tif
  artifactKey: Guid(2a44a577ca497a248afce94642551615) Importer(815301076,1909f56bfc062723c751e8b465ee728b)
Start importing Assets/Textures/Shared/SharedBlastDoorAFrameAlbedo.tif using Guid(2a44a577ca497a248afce94642551615) Importer(815301076,1909f56bfc062723c751e8b465ee728b)  -> (artifact id: 'd8d9e8bbdf3f79852221d43ad63b532c') in 0.021052 seconds 
========================================================================
Received Import Request.
  Time since last request: 0.000019 seconds.
  path: Assets/Scenes/Start/SciFiCorridor/LightBlockingStart/ReflectionProbe-0.exr
  artifactKey: Guid(bca2d5060f0da4e2495f280e1c544d43) Importer(815301076,1909f56bfc062723c751e8b465ee728b)
Start importing Assets/Scenes/Start/SciFiCorridor/LightBlockingStart/ReflectionProbe-0.exr using Guid(bca2d5060f0da4e2495f280e1c544d43) Importer(815301076,1909f56bfc062723c751e8b465ee728b)  -> (artifact id: '873e5d8fe53bf9d9eb9bf6086e10c822') in 0.021130 seconds 
========================================================================
Received Import Request.
  Time since last request: 0.000022 seconds.
  path: Assets/Textures/Shared/SharedBlastDoorAFrameSpecularGloss.tif
  artifactKey: Guid(e23c06b97e2c95c4db2ff5986c1673b0) Importer(815301076,1909f56bfc062723c751e8b465ee728b)
Start importing Assets/Textures/Shared/SharedBlastDoorAFrameSpecularGloss.tif using Guid(e23c06b97e2c95c4db2ff5986c1673b0) Importer(815301076,1909f56bfc062723c751e8b465ee728b)  -> (artifact id: '20e5b4fbb233f0052a662b1dfb2828d4') in 0.025569 seconds 
========================================================================
Received Import Request.
  Time since last request: 0.135955 seconds.
  path: Assets/Scenes/_CompletedScenes/SciFiCorridor/LightBlockingComplete/ReflectionProbe-0.exr
  artifactKey: Guid(19708650f5f1e468788bc562a8b618e5) Importer(815301076,1909f56bfc062723c751e8b465ee728b)
Start importing Assets/Scenes/_CompletedScenes/SciFiCorridor/LightBlockingComplete/ReflectionProbe-0.exr using Guid(19708650f5f1e468788bc562a8b618e5) Importer(815301076,1909f56bfc062723c751e8b465ee728b)  -> (artifact id: '9b93b4b08d9add599742dc1216f2a4e0') in 0.018014 seconds 
========================================================================
Received Import Request.
  Time since last request: 0.000015 seconds.
  path: Assets/Scenes/Start/GlobalIllumination/ImageBasedLightingStart/ReflectionProbe-0.exr
  artifactKey: Guid(8b7feaa3301a33b42ba6db22a503b250) Importer(815301076,1909f56bfc062723c751e8b465ee728b)
Start importing Assets/Scenes/Start/GlobalIllumination/ImageBasedLightingStart/ReflectionProbe-0.exr using Guid(8b7feaa3301a33b42ba6db22a503b250) Importer(815301076,1909f56bfc062723c751e8b465ee728b)  -> (artifact id: 'f8948a535143e4f4aed9c242fd6a5adf') in 0.022634 seconds 
========================================================================
Received Import Request.
  Time since last request: 0.000020 seconds.
  path: Assets/Scenes/_CompletedScenes/SciFiCorridor/PostProcessVolumesComplete/ReflectionProbe-0.exr
  artifactKey: Guid(2dd4965e0bd40a5478da591915c4d839) Importer(815301076,1909f56bfc062723c751e8b465ee728b)
Start importing Assets/Scenes/_CompletedScenes/SciFiCorridor/PostProcessVolumesComplete/ReflectionProbe-0.exr using Guid(2dd4965e0bd40a5478da591915c4d839) Importer(815301076,1909f56bfc062723c751e8b465ee728b)  -> (artifact id: 'dd0b55e37d6b65e31a1331f860b0d7cb') in 0.021313 seconds 
========================================================================
Received Import Request.
  Time since last request: 0.000040 seconds.
  path: Assets/Scenes/Start/SciFiCorridor/AreaLightStart/ReflectionProbe-0.exr
  artifactKey: Guid(33ba6595a57ed48d5983adfbfdc9fc6f) Importer(815301076,1909f56bfc062723c751e8b465ee728b)
Start importing Assets/Scenes/Start/SciFiCorridor/AreaLightStart/ReflectionProbe-0.exr using Guid(33ba6595a57ed48d5983adfbfdc9fc6f) Importer(815301076,1909f56bfc062723c751e8b465ee728b)  -> (artifact id: 'ab8ade5a4d9e44863f89a9dfe646b045') in 0.018159 seconds 
========================================================================
Received Import Request.
  Time since last request: 0.000051 seconds.
  path: Assets/Scenes/_CompletedScenes/GlobalIllumination/AmbientOcclusionComplete/ReflectionProbe-0.exr
  artifactKey: Guid(bcd9be3afbbc84d0e81ceab82c9fe4ac) Importer(815301076,1909f56bfc062723c751e8b465ee728b)
Start importing Assets/Scenes/_CompletedScenes/GlobalIllumination/AmbientOcclusionComplete/ReflectionProbe-0.exr using Guid(bcd9be3afbbc84d0e81ceab82c9fe4ac) Importer(815301076,1909f56bfc062723c751e8b465ee728b)  -> (artifact id: 'b79bfabde590cd94a805c69c8e0ed04b') in 0.020990 seconds 
========================================================================
Received Import Request.
  Time since last request: 0.000022 seconds.
  path: Assets/Scenes/_CompletedScenes/SciFiCorridor/PostProcessingV2Complete/ReflectionProbe-0.exr
  artifactKey: Guid(518fd49358a2ba34b93df7c23915b41d) Importer(815301076,1909f56bfc062723c751e8b465ee728b)
Start importing Assets/Scenes/_CompletedScenes/SciFiCorridor/PostProcessingV2Complete/ReflectionProbe-0.exr using Guid(518fd49358a2ba34b93df7c23915b41d) Importer(815301076,1909f56bfc062723c751e8b465ee728b)  -> (artifact id: 'e3fb65ade929bf8363812914b1e45a90') in 0.019482 seconds 
========================================================================
Received Import Request.
  Time since last request: 44.182889 seconds.
  path: Assets/Scenes/Start/SciFiCorridor/ScreenSpaceReflectionsStart/ReflectionProbe-0.exr
  artifactKey: Guid(6f67ca7a8e7e58848a67553ebd0247d6) Importer(815301076,1909f56bfc062723c751e8b465ee728b)
Start importing Assets/Scenes/Start/SciFiCorridor/ScreenSpaceReflectionsStart/ReflectionProbe-0.exr using Guid(6f67ca7a8e7e58848a67553ebd0247d6) Importer(815301076,1909f56bfc062723c751e8b465ee728b)  -> (artifact id: '48e6197261eaf2e573000b93ac58c0d8') in 0.026304 seconds 
========================================================================
Received Import Request.
  Time since last request: 0.000029 seconds.
  path: Assets/Scenes/Start/SciFiCorridor/PostProcessingStart/ReflectionProbe-0.exr
  artifactKey: Guid(e1dea326f415549c793b2cf9dccd42fa) Importer(815301076,1909f56bfc062723c751e8b465ee728b)
Start importing Assets/Scenes/Start/SciFiCorridor/PostProcessingStart/ReflectionProbe-0.exr using Guid(e1dea326f415549c793b2cf9dccd42fa) Importer(815301076,1909f56bfc062723c751e8b465ee728b)  -> (artifact id: '03d099826e3bb6f28608034996c21f2a') in 0.025556 seconds 
========================================================================
Received Import Request.
  Time since last request: 0.000045 seconds.
  path: Assets/Scenes/_CompletedScenes/SciFiCorridor/FinishingTouchesComplete/ReflectionProbe-0.exr
  artifactKey: Guid(cf9dee7a6c0b42744a14aade96766fdd) Importer(815301076,1909f56bfc062723c751e8b465ee728b)
Start importing Assets/Scenes/_CompletedScenes/SciFiCorridor/FinishingTouchesComplete/ReflectionProbe-0.exr using Guid(cf9dee7a6c0b42744a14aade96766fdd) Importer(815301076,1909f56bfc062723c751e8b465ee728b)  -> (artifact id: '09dbb3069e45a766a25bb47d1579b5dd') in 0.024078 seconds 
========================================================================
Received Import Request.
  Time since last request: 276.604381 seconds.
  path: Assets/Standard Assets/Effects/LightCookies/Textures/FlashlightCookie.tif
  artifactKey: Guid(2c29c08dd1c0b6749b7cd0fcff7a29fd) Importer(815301076,1909f56bfc062723c751e8b465ee728b)
Start importing Assets/Standard Assets/Effects/LightCookies/Textures/FlashlightCookie.tif using Guid(2c29c08dd1c0b6749b7cd0fcff7a29fd) Importer(815301076,1909f56bfc062723c751e8b465ee728b)  -> (artifact id: '26378fe08a5cd680506ae3c6eaf72876') in 0.017015 seconds 
========================================================================
Received Import Request.
  Time since last request: 1.568542 seconds.
  path: Assets/Standard Assets/Prototyping/Textures/SwatchMauveAlbedo.png
  artifactKey: Guid(c3edc74ae8207fd45a93c4ed8ee27567) Importer(815301076,1909f56bfc062723c751e8b465ee728b)
Start importing Assets/Standard Assets/Prototyping/Textures/SwatchMauveAlbedo.png using Guid(c3edc74ae8207fd45a93c4ed8ee27567) Importer(815301076,1909f56bfc062723c751e8b465ee728b)  -> (artifact id: '64556e2549354fcfa3bd8df4b12cf2a6') in 0.018664 seconds 
========================================================================
Received Import Request.
  Time since last request: 0.000019 seconds.
  path: Assets/Models/Sci-Fi Vehicles/Vehicle_1/Textures/Wheels_1_H.png
  artifactKey: Guid(09d7c3da765a0c444abcfa662efa0022) Importer(815301076,1909f56bfc062723c751e8b465ee728b)
Start importing Assets/Models/Sci-Fi Vehicles/Vehicle_1/Textures/Wheels_1_H.png using Guid(09d7c3da765a0c444abcfa662efa0022) Importer(815301076,1909f56bfc062723c751e8b465ee728b)  -> (artifact id: 'e16a597af2b4f1a3fea7743b9b63e0c0') in 0.021343 seconds 
========================================================================
Received Import Request.
  Time since last request: 0.000023 seconds.
  path: Assets/Standard Assets/Prototyping/Textures/SwatchPinkDAlbedo.png
  artifactKey: Guid(580615edf5e29d245af58fc5fe2b06ac) Importer(815301076,1909f56bfc062723c751e8b465ee728b)
Start importing Assets/Standard Assets/Prototyping/Textures/SwatchPinkDAlbedo.png using Guid(580615edf5e29d245af58fc5fe2b06ac) Importer(815301076,1909f56bfc062723c751e8b465ee728b)  -> (artifact id: 'a5e5a66787141f84341e2d29cee602fb') in 0.013489 seconds 
========================================================================
Received Import Request.
  Time since last request: 0.000020 seconds.
  path: Assets/Models/Sci-Fi Vehicles/Vehicle_1/Textures/Wheels_1_N.png
  artifactKey: Guid(b24d61661dcdf084284efbac85f0810d) Importer(815301076,1909f56bfc062723c751e8b465ee728b)
Start importing Assets/Models/Sci-Fi Vehicles/Vehicle_1/Textures/Wheels_1_N.png using Guid(b24d61661dcdf084284efbac85f0810d) Importer(815301076,1909f56bfc062723c751e8b465ee728b)  -> (artifact id: 'e09e37d3fa759d81835e694be1b2be33') in 0.020871 seconds 
========================================================================
Received Import Request.
  Time since last request: 0.000049 seconds.
  path: Assets/Standard Assets/Prototyping/Textures/SwatchNavyDarkAlbedo.png
  artifactKey: Guid(a336ccf90791f9841b7e680c010d1e88) Importer(815301076,1909f56bfc062723c751e8b465ee728b)
Start importing Assets/Standard Assets/Prototyping/Textures/SwatchNavyDarkAlbedo.png using Guid(a336ccf90791f9841b7e680c010d1e88) Importer(815301076,1909f56bfc062723c751e8b465ee728b)  -> (artifact id: 'f2a14ade5f11f717ea1deeb673be8999') in 0.020099 seconds 
========================================================================
Received Import Request.
  Time since last request: 0.000032 seconds.
  path: Assets/Models/Sci-Fi Vehicles/Vehicle_1/Textures/Wheels_2_S.png
  artifactKey: Guid(88f00611f5403d04b81e42f3786d8076) Importer(815301076,1909f56bfc062723c751e8b465ee728b)
Start importing Assets/Models/Sci-Fi Vehicles/Vehicle_1/Textures/Wheels_2_S.png using Guid(88f00611f5403d04b81e42f3786d8076) Importer(815301076,1909f56bfc062723c751e8b465ee728b)  -> (artifact id: '0e6d7ffef62430e77f9cb1283932bc09') in 0.019237 seconds 
========================================================================
Received Import Request.
  Time since last request: 0.000020 seconds.
  path: Assets/Standard Assets/Environment/Water/Water/Textures/WaterProNighttimeGradient.psd
  artifactKey: Guid(b725b62cfc9d04e4886735ab2a8107d1) Importer(815301076,1909f56bfc062723c751e8b465ee728b)
Start importing Assets/Standard Assets/Environment/Water/Water/Textures/WaterProNighttimeGradient.psd using Guid(b725b62cfc9d04e4886735ab2a8107d1) Importer(815301076,1909f56bfc062723c751e8b465ee728b)  -> (artifact id: '6af037ca73ee07da97eb3eb71f593c4b') in 0.014141 seconds 
========================================================================
Received Import Request.
  Time since last request: 0.000026 seconds.
  path: Assets/Standard Assets/Environment/Water (Basic)/Textures/WaterBasicDaytimeGradient.psd
  artifactKey: Guid(047330f39d11745ad0004adb8d76c639) Importer(815301076,1909f56bfc062723c751e8b465ee728b)
Start importing Assets/Standard Assets/Environment/Water (Basic)/Textures/WaterBasicDaytimeGradient.psd using Guid(047330f39d11745ad0004adb8d76c639) Importer(815301076,1909f56bfc062723c751e8b465ee728b)  -> (artifact id: '2b10b933e0e1f4e7dfb749e7d4354f9b') in 0.014845 seconds 
========================================================================
Received Import Request.
  Time since last request: 0.000022 seconds.
  path: Assets/UnityHDRI/Trinitatis Church/TrinitatisChurchWhiteBalanced.exr
  artifactKey: Guid(bf543123825a64e4bb3f5d9fe090a58f) Importer(815301076,1909f56bfc062723c751e8b465ee728b)
Start importing Assets/UnityHDRI/Trinitatis Church/TrinitatisChurchWhiteBalanced.exr using Guid(bf543123825a64e4bb3f5d9fe090a58f) Importer(815301076,1909f56bfc062723c751e8b465ee728b)  -> (artifact id: '604e26d43e8eb1819fe4384af0f38823') in 0.034976 seconds 
========================================================================
Received Import Request.
  Time since last request: 0.000018 seconds.
  path: Assets/Models/Sci-Fi Vehicles/Vehicle_1/Textures/Wheels_2_N.png
  artifactKey: Guid(e84fbc032065a354981a06ba2a5702c9) Importer(815301076,1909f56bfc062723c751e8b465ee728b)
Start importing Assets/Models/Sci-Fi Vehicles/Vehicle_1/Textures/Wheels_2_N.png using Guid(e84fbc032065a354981a06ba2a5702c9) Importer(815301076,1909f56bfc062723c751e8b465ee728b)  -> (artifact id: '2007cc95b4ab6dc869f3d6d86fb33ac5') in 0.020544 seconds 
========================================================================
Received Import Request.
  Time since last request: 0.000020 seconds.
  path: Assets/Models/Sci-Fi Vehicles/Vehicle_1/Textures/Wheels_2_D.png
  artifactKey: Guid(7ea8dcc505c6ecc42b0d88b9fc65d824) Importer(815301076,1909f56bfc062723c751e8b465ee728b)
Start importing Assets/Models/Sci-Fi Vehicles/Vehicle_1/Textures/Wheels_2_D.png using Guid(7ea8dcc505c6ecc42b0d88b9fc65d824) Importer(815301076,1909f56bfc062723c751e8b465ee728b)  -> (artifact id: '9c16512e90f82f61ea26cec8c1a84d40') in 0.020575 seconds 
========================================================================
Received Import Request.
  Time since last request: 0.000023 seconds.
  path: Assets/Models/Sci-Fi Vehicles/Vehicle_1/Textures/Wheels_1_AO.png
  artifactKey: Guid(af580faa8a4deeb43b69aea4f80e7a75) Importer(815301076,1909f56bfc062723c751e8b465ee728b)
Start importing Assets/Models/Sci-Fi Vehicles/Vehicle_1/Textures/Wheels_1_AO.png using Guid(af580faa8a4deeb43b69aea4f80e7a75) Importer(815301076,1909f56bfc062723c751e8b465ee728b)  -> (artifact id: '287013efee3f666ad51613c4badff39b') in 0.303709 seconds 
========================================================================
Received Import Request.
  Time since last request: 0.000017 seconds.
  path: Assets/Textures/Complete/WindowCookieComplete.png
  artifactKey: Guid(30a1836ae43e1429893c2680eb95d3fd) Importer(815301076,1909f56bfc062723c751e8b465ee728b)
Start importing Assets/Textures/Complete/WindowCookieComplete.png using Guid(30a1836ae43e1429893c2680eb95d3fd) Importer(815301076,1909f56bfc062723c751e8b465ee728b)  -> (artifact id: '44dd4011cef62c7630f0e903fca67d9e') in 0.019105 seconds 
========================================================================
Received Import Request.
  Time since last request: 0.000039 seconds.
  path: Assets/Standard Assets/Environment/Water (Basic)/Textures/WaterBasicNighttimeGradient.psd
  artifactKey: Guid(8403d3349d112ba4d000be1be39e7c39) Importer(815301076,1909f56bfc062723c751e8b465ee728b)
Start importing Assets/Standard Assets/Environment/Water (Basic)/Textures/WaterBasicNighttimeGradient.psd using Guid(8403d3349d112ba4d000be1be39e7c39) Importer(815301076,1909f56bfc062723c751e8b465ee728b)  -> (artifact id: '6385e80ae6d0a7db592f6e1dfc78240e') in 0.014650 seconds 
========================================================================
Received Import Request.
  Time since last request: 0.000026 seconds.
  path: Assets/Standard Assets/Environment/Water/Water/Textures/WaterBump.jpg
  artifactKey: Guid(2dd3788f8589b40bf82a92d76ffc5091) Importer(815301076,1909f56bfc062723c751e8b465ee728b)
Start importing Assets/Standard Assets/Environment/Water/Water/Textures/WaterBump.jpg using Guid(2dd3788f8589b40bf82a92d76ffc5091) Importer(815301076,1909f56bfc062723c751e8b465ee728b)  -> (artifact id: '662601886aec6eae77ce1e8bd212f24b') in 0.019974 seconds 
Editor requested this worker to shutdown with reason: Scaling down because of idle timeout
AssetImportWorker is now disconnected from the server
Process exiting
Exiting without the bug reporter. Application will terminate with return code 0